<?xml version="1.0" encoding="UTF-8"?>
<testsuite xmlns:xsi="http://www.w3.org/2001/XMLSchema-instance" xsi:noNamespaceSchemaLocation="https://maven.apache.org/surefire/maven-surefire-plugin/xsd/surefire-test-report-3.0.xsd" version="3.0" name="edu.ucla.library.services.utility.PropsWriterTest" time="0.17" tests="5" errors="0" skipped="0" failures="0">
  <properties>
[...]
</properties>
  <testcase name="testVerifyArgs" classname="edu.ucla.library.services.utility.PropsWriterTest" time="0.094">
    <system-err><![CDATA[usage: PropsWriter defaultsFile templateFile propertiesFile
]]></system-err>
  </testcase>
  <testcase name="testCheckReadable" classname="edu.ucla.library.services.utility.PropsWriterTest" time="0.019">
    <system-err><![CDATA[File must be readable: src/test/resources/not.there
]]></system-err>
  </testcase>
  <testcase name="testCheckExists" classname="edu.ucla.library.services.utility.PropsWriterTest" time="0.013">
    <system-err><![CDATA[File must exist: src/test/resources/not.there
]]></system-err>
  </testcase>
  <testcase name="testBuildProperties" classname="edu.ucla.library.services.utility.PropsWriterTest" time="0.003"/>
  <testcase name="testLoadProps" classname="edu.ucla.library.services.utility.PropsWriterTest" time="0.013">
    <system-err><![CDATA[Props file must exist: src/test/resources/not.there (No such file or directory)
]]></system-err>
  </testcase>
</testsuite>